  [1m[35m (3.1ms)[0m  [1m[34mSELECT sqlite_version(*)[0m
  [1m[35m (1.6ms)[0m  [1m[35mCREATE TABLE "schema_migrations" ("version" varchar NOT NULL PRIMARY KEY)[0m
  [1m[35m (2.2ms)[0m  [1m[35mCREATE TABLE "ar_internal_metadata" ("key" varchar NOT NULL PRIMARY KEY, "value" varchar, "created_at" datetime(6) NOT NULL, "updated_at" datetime(6) NOT NULL)[0m
  [1m[35m (0.1ms)[0m  [1m[34mSELECT "schema_migrations"."version" FROM "schema_migrations" ORDER BY "schema_migrations"."version" ASC[0m
Migrating to CreateUsers (20200817142128)
  [1m[35m (0.1ms)[0m  [1m[36mbegin transaction[0m
  [1m[35m (0.7ms)[0m  [1m[35mCREATE TABLE "users" ("id" integer PRIMARY KEY AUTOINCREMENT NOT NULL, "first_name" varchar, "last_name" varchar, "username" varchar, "email" varchar, "created_at" datetime(6) NOT NULL, "updated_at" datetime(6) NOT NULL)[0m
  [1m[36mprimary::SchemaMigration Create (0.2ms)[0m  [1m[32mINSERT INTO "schema_migrations" ("version") VALUES (?)[0m  [["version", "20200817142128"]]
  [1m[35m (1.0ms)[0m  [1m[36mcommit transaction[0m
  [1m[36mActiveRecord::InternalMetadata Load (0.1ms)[0m  [1m[34mSELECT "ar_internal_metadata".* FROM "ar_internal_metadata" WHERE "ar_internal_metadata"."key" = ? LIMIT ?[0m  [["key", "environment"], ["LIMIT", 1]]
  [1m[35m (0.1ms)[0m  [1m[36mbegin transaction[0m
  [1m[36mActiveRecord::InternalMetadata Create (1.1ms)[0m  [1m[32mINSERT INTO "ar_internal_metadata" ("key", "value", "created_at", "updated_at") VALUES (?, ?, ?, ?)[0m  [["key", "environment"], ["value", "development"], ["created_at", "2020-08-17 14:21:46.972446"], ["updated_at", "2020-08-17 14:21:46.972446"]]
  [1m[35m (2.5ms)[0m  [1m[36mcommit transaction[0m
  [1m[35m (0.1ms)[0m  [1m[34mSELECT sqlite_version(*)[0m
  [1m[35m (0.2ms)[0m  [1m[34mSELECT "schema_migrations"."version" FROM "schema_migrations" ORDER BY "schema_migrations"."version" ASC[0m
  [1m[35m (7.2ms)[0m  [1m[34mSELECT sqlite_version(*)[0m
  [1m[35m (0.6ms)[0m  [1m[34mSELECT "schema_migrations"."version" FROM "schema_migrations" ORDER BY "schema_migrations"."version" ASC[0m
Migrating to CreateQuizzes (20200817142447)
  [1m[35m (0.1ms)[0m  [1m[36mbegin transaction[0m
  [1m[35m (2.3ms)[0m  [1m[35mCREATE TABLE "quizzes" ("id" integer PRIMARY KEY AUTOINCREMENT NOT NULL, "category" varchar, "difficulty" varchar, "created_at" datetime(6) NOT NULL, "updated_at" datetime(6) NOT NULL)[0m
  [1m[36mprimary::SchemaMigration Create (6.4ms)[0m  [1m[32mINSERT INTO "schema_migrations" ("version") VALUES (?)[0m  [["version", "20200817142447"]]
  [1m[35m (0.9ms)[0m  [1m[36mcommit transaction[0m
  [1m[36mActiveRecord::InternalMetadata Load (2.8ms)[0m  [1m[34mSELECT "ar_internal_metadata".* FROM "ar_internal_metadata" WHERE "ar_internal_metadata"."key" = ? LIMIT ?[0m  [["key", "environment"], ["LIMIT", 1]]
  [1m[35m (0.1ms)[0m  [1m[34mSELECT sqlite_version(*)[0m
  [1m[35m (0.1ms)[0m  [1m[34mSELECT "schema_migrations"."version" FROM "schema_migrations" ORDER BY "schema_migrations"."version" ASC[0m
  [1m[35m (0.9ms)[0m  [1m[34mSELECT sqlite_version(*)[0m
  [1m[35m (0.9ms)[0m  [1m[34mSELECT "schema_migrations"."version" FROM "schema_migrations" ORDER BY "schema_migrations"."version" ASC[0m
Migrating to CreateQuizResults (20200817142643)
  [1m[35m (0.1ms)[0m  [1m[36mbegin transaction[0m
  [1m[35m (1.7ms)[0m  [1m[35mCREATE TABLE "quiz_results" ("id" integer PRIMARY KEY AUTOINCREMENT NOT NULL, "user_id" integer NOT NULL, "quiz_id" integer NOT NULL, "score" integer, "created_at" datetime(6) NOT NULL, "updated_at" datetime(6) NOT NULL, CONSTRAINT "fk_rails_ead2c40006"
FOREIGN KEY ("user_id")
  REFERENCES "users" ("id")
, CONSTRAINT "fk_rails_1ca80cf09c"
FOREIGN KEY ("quiz_id")
  REFERENCES "quizzes" ("id")
)[0m
  [1m[35m (0.2ms)[0m  [1m[35mCREATE  INDEX "index_quiz_results_on_user_id" ON "quiz_results" ("user_id")[0m
  [1m[35m (0.2ms)[0m  [1m[35mCREATE  INDEX "index_quiz_results_on_quiz_id" ON "quiz_results" ("quiz_id")[0m
  [1m[36mprimary::SchemaMigration Create (1.8ms)[0m  [1m[32mINSERT INTO "schema_migrations" ("version") VALUES (?)[0m  [["version", "20200817142643"]]
  [1m[35m (26.6ms)[0m  [1m[36mcommit transaction[0m
  [1m[36mActiveRecord::InternalMetadata Load (2.6ms)[0m  [1m[34mSELECT "ar_internal_metadata".* FROM "ar_internal_metadata" WHERE "ar_internal_metadata"."key" = ? LIMIT ?[0m  [["key", "environment"], ["LIMIT", 1]]
  [1m[35m (0.1ms)[0m  [1m[34mSELECT sqlite_version(*)[0m
  [1m[35m (0.8ms)[0m  [1m[34mSELECT "schema_migrations"."version" FROM "schema_migrations" ORDER BY "schema_migrations"."version" ASC[0m
  [1m[35m (2.9ms)[0m  [1m[34mSELECT sqlite_version(*)[0m
  [1m[35m (0.7ms)[0m  [1m[34mSELECT "schema_migrations"."version" FROM "schema_migrations" ORDER BY "schema_migrations"."version" ASC[0m
  [1m[36mActiveRecord::InternalMetadata Load (0.8ms)[0m  [1m[34mSELECT "ar_internal_metadata".* FROM "ar_internal_metadata" WHERE "ar_internal_metadata"."key" = ? LIMIT ?[0m  [["key", "environment"], ["LIMIT", 1]]
  [1m[35m (2.2ms)[0m  [1m[34mSELECT sqlite_version(*)[0m
  [1m[35m (0.1ms)[0m  [1m[34mSELECT "schema_migrations"."version" FROM "schema_migrations" ORDER BY "schema_migrations"."version" ASC[0m
  [1m[35m (1.0ms)[0m  [1m[34mSELECT sqlite_version(*)[0m
  [1m[35m (0.5ms)[0m  [1m[34mSELECT "schema_migrations"."version" FROM "schema_migrations" ORDER BY "schema_migrations"."version" ASC[0m
  [1m[35m (0.1ms)[0m  [1m[34mSELECT sqlite_version(*)[0m
  [1m[35m (0.0ms)[0m  [1m[36mbegin transaction[0m
  [1m[36mUser Create (0.9ms)[0m  [1m[32mINSERT INTO "users" ("first_name", "last_name", "username", "email", "created_at", "updated_at") VALUES (?, ?, ?, ?, ?, ?)[0m  [["first_name", "Jeff"], ["last_name", "Adler"], ["username", "jeff_is_da_best"], ["email", "jeffdabest@dabomb.com"], ["created_at", "2020-08-17 14:34:29.489087"], ["updated_at", "2020-08-17 14:34:29.489087"]]
  [1m[35m (0.9ms)[0m  [1m[36mcommit transaction[0m
  [1m[35m (0.0ms)[0m  [1m[36mbegin transaction[0m
  [1m[36mQuiz Create (0.7ms)[0m  [1m[32mINSERT INTO "quizzes" ("category", "difficulty", "created_at", "updated_at") VALUES (?, ?, ?, ?)[0m  [["category", "science"], ["difficulty", "hard"], ["created_at", "2020-08-17 14:34:29.505315"], ["updated_at", "2020-08-17 14:34:29.505315"]]
  [1m[35m (1.0ms)[0m  [1m[36mcommit transaction[0m
  [1m[36mUser Load (0.3ms)[0m  [1m[34mSELECT "users".* FROM "users"[0m
  [1m[36mQuiz Load (0.1ms)[0m  [1m[34mSELECT "quizzes".* FROM "quizzes"[0m
  [1m[35m (0.1ms)[0m  [1m[36mbegin transaction[0m
  [1m[36mQuizResult Create (1.0ms)[0m  [1m[32mINSERT INTO "quiz_results" ("user_id", "quiz_id", "created_at", "updated_at") VALUES (?, ?, ?, ?)[0m  [["user_id", 1], ["quiz_id", 1], ["created_at", "2020-08-17 14:34:29.547305"], ["updated_at", "2020-08-17 14:34:29.547305"]]
  [1m[35m (0.8ms)[0m  [1m[36mcommit transaction[0m
  [1m[35m (0.7ms)[0m  [1m[34mSELECT sqlite_version(*)[0m
  [1m[36mUser Load (0.3ms)[0m  [1m[34mSELECT "users".* FROM "users" LIMIT ?[0m  [["LIMIT", 11]]
  [1m[36mQuiz Load (0.3ms)[0m  [1m[34mSELECT "quizzes".* FROM "quizzes" LIMIT ?[0m  [["LIMIT", 11]]
  [1m[36mQuizResult Load (0.2ms)[0m  [1m[34mSELECT "quiz_results".* FROM "quiz_results" LIMIT ?[0m  [["LIMIT", 11]]
  [1m[36mUser Load (0.3ms)[0m  [1m[34mSELECT "users".* FROM "users" ORDER BY "users"."id" ASC LIMIT ?[0m  [["LIMIT", 1]]
  [1m[36mUser Load (0.2ms)[0m  [1m[34mSELECT "users".* FROM "users" ORDER BY "users"."id" ASC LIMIT ?[0m  [["LIMIT", 1]]
  [1m[36mUser Load (0.2ms)[0m  [1m[34mSELECT "users".* FROM "users" ORDER BY "users"."id" ASC LIMIT ?[0m  [["LIMIT", 1]]
  [1m[36mQuizResult Load (0.3ms)[0m  [1m[34mSELECT "quiz_results".* FROM "quiz_results" WHERE "quiz_results"."user_id" = ? LIMIT ?[0m  [["user_id", 1], ["LIMIT", 11]]
  [1m[36mQuiz Load (0.3ms)[0m  [1m[34mSELECT "quizzes".* FROM "quizzes" ORDER BY "quizzes"."id" ASC LIMIT ?[0m  [["LIMIT", 1]]
  [1m[36mUser Load (0.3ms)[0m  [1m[34mSELECT "users".* FROM "users" INNER JOIN "quiz_results" ON "users"."id" = "quiz_results"."user_id" WHERE "quiz_results"."quiz_id" = ? LIMIT ?[0m  [["quiz_id", 1], ["LIMIT", 11]]
  [1m[36mUser Load (0.2ms)[0m  [1m[34mSELECT "users".* FROM "users" ORDER BY "users"."id" ASC LIMIT ?[0m  [["LIMIT", 1]]
  [1m[36mQuiz Load (0.5ms)[0m  [1m[34mSELECT "quizzes".* FROM "quizzes" INNER JOIN "quiz_results" ON "quizzes"."id" = "quiz_results"."quiz_id" WHERE "quiz_results"."user_id" = ? LIMIT ?[0m  [["user_id", 1], ["LIMIT", 11]]
  [1m[35m (18.2ms)[0m  [1m[34mSELECT sqlite_version(*)[0m
  [1m[35m (0.9ms)[0m  [1m[34mSELECT "schema_migrations"."version" FROM "schema_migrations" ORDER BY "schema_migrations"."version" ASC[0m
Migrating to AddCategoryIdToQuizzes (20200817144618)
  [1m[35m (0.1ms)[0m  [1m[36mbegin transaction[0m
  [1m[35m (7.0ms)[0m  [1m[35mALTER TABLE "quizzes" ADD "category_id" integer[0m
  [1m[36mprimary::SchemaMigration Create (7.9ms)[0m  [1m[32mINSERT INTO "schema_migrations" ("version") VALUES (?)[0m  [["version", "20200817144618"]]
  [1m[35m (4.9ms)[0m  [1m[36mcommit transaction[0m
  [1m[36mActiveRecord::InternalMetadata Load (0.7ms)[0m  [1m[34mSELECT "ar_internal_metadata".* FROM "ar_internal_metadata" WHERE "ar_internal_metadata"."key" = ? LIMIT ?[0m  [["key", "environment"], ["LIMIT", 1]]
  [1m[35m (0.1ms)[0m  [1m[34mSELECT sqlite_version(*)[0m
  [1m[35m (0.2ms)[0m  [1m[34mSELECT "schema_migrations"."version" FROM "schema_migrations" ORDER BY "schema_migrations"."version" ASC[0m
Started GET "/quizzes/new" for ::1 at 2020-08-17 16:12:12 -0400
  [1m[35m (5.5ms)[0m  [1m[34mSELECT sqlite_version(*)[0m
  [1m[35m (0.5ms)[0m  [1m[34mSELECT "schema_migrations"."version" FROM "schema_migrations" ORDER BY "schema_migrations"."version" ASC[0m
  
LoadError (cannot load such file -- httparty):
  
app/controllers/quizzes_controller.rb:1:in `<main>'
Started GET "/quizzes/new" for ::1 at 2020-08-17 16:13:57 -0400
  [1m[35m (0.9ms)[0m  [1m[34mSELECT sqlite_version(*)[0m
  [1m[35m (0.5ms)[0m  [1m[34mSELECT "schema_migrations"."version" FROM "schema_migrations" ORDER BY "schema_migrations"."version" ASC[0m
  
LoadError (cannot load such file -- httparty):
  
app/controllers/quizzes_controller.rb:1:in `<main>'
Started GET "/favicon.ico" for ::1 at 2020-08-17 16:13:57 -0400
  
ActionController::RoutingError (No route matches [GET] "/favicon.ico"):
  
actionpack (6.0.3.2) lib/action_dispatch/middleware/debug_exceptions.rb:36:in `call'
actionpack (6.0.3.2) lib/action_dispatch/middleware/show_exceptions.rb:33:in `call'
railties (6.0.3.2) lib/rails/rack/logger.rb:37:in `call_app'
railties (6.0.3.2) lib/rails/rack/logger.rb:26:in `block in call'
activesupport (6.0.3.2) lib/active_support/tagged_logging.rb:80:in `block in tagged'
activesupport (6.0.3.2) lib/active_support/tagged_logging.rb:28:in `tagged'
activesupport (6.0.3.2) lib/active_support/tagged_logging.rb:80:in `tagged'
railties (6.0.3.2) lib/rails/rack/logger.rb:26:in `call'
actionpack (6.0.3.2) lib/action_dispatch/middleware/remote_ip.rb:81:in `call'
actionpack (6.0.3.2) lib/action_dispatch/middleware/request_id.rb:27:in `call'
rack (2.2.3) lib/rack/runtime.rb:22:in `call'
activesupport (6.0.3.2) lib/active_support/cache/strategy/local_cache_middleware.rb:29:in `call'
actionpack (6.0.3.2) lib/action_dispatch/middleware/executor.rb:14:in `call'
actionpack (6.0.3.2) lib/action_dispatch/middleware/static.rb:126:in `call'
rack (2.2.3) lib/rack/sendfile.rb:110:in `call'
actionpack (6.0.3.2) lib/action_dispatch/middleware/host_authorization.rb:82:in `call'
railties (6.0.3.2) lib/rails/engine.rb:527:in `call'
puma (4.3.5) lib/puma/configuration.rb:228:in `call'
puma (4.3.5) lib/puma/server.rb:713:in `handle_request'
puma (4.3.5) lib/puma/server.rb:472:in `process_client'
puma (4.3.5) lib/puma/server.rb:328:in `block in run'
puma (4.3.5) lib/puma/thread_pool.rb:134:in `block in spawn_thread'
Started GET "/quizzes/new" for ::1 at 2020-08-17 16:14:00 -0400
  
LoadError (cannot load such file -- httparty):
  
app/controllers/quizzes_controller.rb:1:in `<main>'
Started GET "/quizzes/new" for ::1 at 2020-08-17 16:14:02 -0400
  
LoadError (cannot load such file -- httparty):
  
app/controllers/quizzes_controller.rb:1:in `<main>'
Started GET "/quizzes/new" for ::1 at 2020-08-17 16:14:05 -0400
  
LoadError (cannot load such file -- httparty):
  
app/controllers/quizzes_controller.rb:1:in `<main>'
Started GET "/quizzes/new" for ::1 at 2020-08-17 16:16:30 -0400
  [1m[35m (1.4ms)[0m  [1m[34mSELECT sqlite_version(*)[0m
  [1m[35m (2.0ms)[0m  [1m[34mSELECT "schema_migrations"."version" FROM "schema_migrations" ORDER BY "schema_migrations"."version" ASC[0m
Processing by QuizzesController#show as HTML
  Parameters: {"id"=>"new"}
Completed 204 No Content in 1ms (ActiveRecord: 0.0ms | Allocations: 79)


Started GET "/quizzes/new" for ::1 at 2020-08-17 16:16:36 -0400
Processing by QuizzesController#show as HTML
  Parameters: {"id"=>"new"}
Completed 204 No Content in 0ms (ActiveRecord: 0.0ms | Allocations: 27)


Started GET "/quizzes/new" for ::1 at 2020-08-17 16:16:39 -0400
Processing by QuizzesController#show as HTML
  Parameters: {"id"=>"new"}
Completed 204 No Content in 0ms (ActiveRecord: 0.0ms | Allocations: 27)


Started GET "/quizzes/new" for ::1 at 2020-08-17 16:16:40 -0400
Processing by QuizzesController#show as HTML
  Parameters: {"id"=>"new"}
Completed 204 No Content in 0ms (ActiveRecord: 0.0ms | Allocations: 27)


Started GET "/smoothies" for ::1 at 2020-08-17 16:16:58 -0400
  
ActionController::RoutingError (No route matches [GET] "/smoothies"):
  
actionpack (6.0.3.2) lib/action_dispatch/middleware/debug_exceptions.rb:36:in `call'
actionpack (6.0.3.2) lib/action_dispatch/middleware/show_exceptions.rb:33:in `call'
railties (6.0.3.2) lib/rails/rack/logger.rb:37:in `call_app'
railties (6.0.3.2) lib/rails/rack/logger.rb:26:in `block in call'
activesupport (6.0.3.2) lib/active_support/tagged_logging.rb:80:in `block in tagged'
activesupport (6.0.3.2) lib/active_support/tagged_logging.rb:28:in `tagged'
activesupport (6.0.3.2) lib/active_support/tagged_logging.rb:80:in `tagged'
railties (6.0.3.2) lib/rails/rack/logger.rb:26:in `call'
actionpack (6.0.3.2) lib/action_dispatch/middleware/remote_ip.rb:81:in `call'
actionpack (6.0.3.2) lib/action_dispatch/middleware/request_id.rb:27:in `call'
rack (2.2.3) lib/rack/runtime.rb:22:in `call'
activesupport (6.0.3.2) lib/active_support/cache/strategy/local_cache_middleware.rb:29:in `call'
actionpack (6.0.3.2) lib/action_dispatch/middleware/executor.rb:14:in `call'
actionpack (6.0.3.2) lib/action_dispatch/middleware/static.rb:126:in `call'
rack (2.2.3) lib/rack/sendfile.rb:110:in `call'
actionpack (6.0.3.2) lib/action_dispatch/middleware/host_authorization.rb:82:in `call'
railties (6.0.3.2) lib/rails/engine.rb:527:in `call'
puma (4.3.5) lib/puma/configuration.rb:228:in `call'
puma (4.3.5) lib/puma/server.rb:713:in `handle_request'
puma (4.3.5) lib/puma/server.rb:472:in `process_client'
puma (4.3.5) lib/puma/server.rb:328:in `block in run'
puma (4.3.5) lib/puma/thread_pool.rb:134:in `block in spawn_thread'
Started GET "/quizzes/new" for ::1 at 2020-08-17 16:17:04 -0400
Processing by QuizzesController#show as HTML
  Parameters: {"id"=>"new"}
Completed 204 No Content in 0ms (ActiveRecord: 0.0ms | Allocations: 25)


Started GET "/quizzes/new" for ::1 at 2020-08-17 16:17:12 -0400
Processing by QuizzesController#show as HTML
  Parameters: {"id"=>"new"}
Completed 204 No Content in 0ms (ActiveRecord: 0.0ms | Allocations: 25)


Started GET "/" for ::1 at 2020-08-17 16:17:32 -0400
Processing by Rails::WelcomeController#index as HTML
  Rendering /Users/jeffadler/.rvm/gems/ruby-2.6.1/gems/railties-6.0.3.2/lib/rails/templates/rails/welcome/index.html.erb
  Rendered /Users/jeffadler/.rvm/gems/ruby-2.6.1/gems/railties-6.0.3.2/lib/rails/templates/rails/welcome/index.html.erb (Duration: 12.1ms | Allocations: 196)
Completed 200 OK in 16ms (Views: 14.5ms | ActiveRecord: 0.0ms | Allocations: 864)


Started GET "/quizzes/new" for ::1 at 2020-08-17 16:17:47 -0400
Processing by QuizzesController#show as HTML
  Parameters: {"id"=>"new"}
Completed 204 No Content in 0ms (ActiveRecord: 0.0ms | Allocations: 25)


Started GET "/quizzes/new" for ::1 at 2020-08-17 16:20:25 -0400
  [1m[35m (2.0ms)[0m  [1m[34mSELECT sqlite_version(*)[0m
  [1m[35m (0.5ms)[0m  [1m[34mSELECT "schema_migrations"."version" FROM "schema_migrations" ORDER BY "schema_migrations"."version" ASC[0m
Processing by QuizzesController#show as */*
  Parameters: {"id"=>"new"}
Completed 204 No Content in 1ms (ActiveRecord: 0.0ms | Allocations: 81)


Started GET "/quizzes/new" for ::1 at 2020-08-17 16:23:59 -0400
  [1m[35m (1.3ms)[0m  [1m[34mSELECT sqlite_version(*)[0m
  [1m[35m (0.6ms)[0m  [1m[34mSELECT "schema_migrations"."version" FROM "schema_migrations" ORDER BY "schema_migrations"."version" ASC[0m
Processing by QuizzesController#show as */*
  Parameters: {"id"=>"new"}
Completed 204 No Content in 0ms (ActiveRecord: 0.0ms | Allocations: 81)


Started GET "/quizzes/new" for ::1 at 2020-08-17 16:24:08 -0400
Processing by QuizzesController#show as */*
  Parameters: {"id"=>"new"}
Completed 204 No Content in 0ms (ActiveRecord: 0.0ms | Allocations: 29)


Started GET "/quizzes/new" for ::1 at 2020-08-17 16:24:09 -0400
Processing by QuizzesController#show as */*
  Parameters: {"id"=>"new"}
Completed 204 No Content in 0ms (ActiveRecord: 0.0ms | Allocations: 29)


Started GET "/quizzes/new" for ::1 at 2020-08-17 16:24:31 -0400
Processing by QuizzesController#show as */*
  Parameters: {"id"=>"new"}
Completed 204 No Content in 0ms (ActiveRecord: 0.0ms | Allocations: 29)


Started GET "/quizzes/new" for ::1 at 2020-08-17 16:25:15 -0400
  [1m[35m (1.6ms)[0m  [1m[34mSELECT sqlite_version(*)[0m
  [1m[35m (0.6ms)[0m  [1m[34mSELECT "schema_migrations"."version" FROM "schema_migrations" ORDER BY "schema_migrations"."version" ASC[0m
Processing by QuizzesController#show as */*
  Parameters: {"id"=>"new"}
Completed 204 No Content in 1ms (ActiveRecord: 0.0ms | Allocations: 80)


Started GET "/quizzes/new" for ::1 at 2020-08-17 16:25:41 -0400
Processing by QuizzesController#show as */*
  Parameters: {"id"=>"new"}
Completed 204 No Content in 0ms (ActiveRecord: 0.0ms | Allocations: 29)


Started GET "/quizzes/new" for ::1 at 2020-08-17 16:27:09 -0400
Processing by QuizzesController#show as */*
  Parameters: {"id"=>"new"}
Completed 204 No Content in 0ms (ActiveRecord: 0.0ms | Allocations: 29)


Started GET "/quizzes/new" for ::1 at 2020-08-17 16:27:21 -0400
Processing by QuizzesController#show as */*
  Parameters: {"id"=>"new"}
Completed 204 No Content in 0ms (ActiveRecord: 0.0ms | Allocations: 29)


Started GET "/quizzes/new" for ::1 at 2020-08-17 16:27:54 -0400
  [1m[35m (0.3ms)[0m  [1m[34mSELECT sqlite_version(*)[0m
Processing by QuizzesController#show as */*
  Parameters: {"id"=>"new"}
Completed 204 No Content in 0ms (ActiveRecord: 0.0ms | Allocations: 48)


Started GET "/quizzes/new" for ::1 at 2020-08-17 16:28:05 -0400
Processing by QuizzesController#show as */*
  Parameters: {"id"=>"new"}
Completed 204 No Content in 0ms (ActiveRecord: 0.0ms | Allocations: 27)


Started GET "/quizzes/new" for ::1 at 2020-08-17 16:35:50 -0400
  [1m[35m (0.1ms)[0m  [1m[34mSELECT sqlite_version(*)[0m
Processing by QuizzesController#show as */*
  Parameters: {"id"=>"new"}
Completed 204 No Content in 0ms (ActiveRecord: 0.0ms | Allocations: 46)


Started GET "/quizzes/new" for ::1 at 2020-08-17 16:36:25 -0400
Processing by QuizzesController#show as */*
  Parameters: {"id"=>"new"}
Completed 204 No Content in 0ms (ActiveRecord: 0.0ms | Allocations: 27)


Started GET "/quizzes/new" for ::1 at 2020-08-17 16:37:39 -0400
Processing by QuizzesController#show as */*
  Parameters: {"id"=>"new"}
Completed 204 No Content in 0ms (ActiveRecord: 0.0ms | Allocations: 27)


Started GET "/quizzes/new" for ::1 at 2020-08-17 16:38:41 -0400
  [1m[35m (1.1ms)[0m  [1m[34mSELECT sqlite_version(*)[0m
  [1m[35m (0.6ms)[0m  [1m[34mSELECT "schema_migrations"."version" FROM "schema_migrations" ORDER BY "schema_migrations"."version" ASC[0m
Processing by QuizzesController#show as */*
  Parameters: {"id"=>"new"}
Completed 204 No Content in 0ms (ActiveRecord: 0.0ms | Allocations: 81)


Started GET "/quizzes/new" for ::1 at 2020-08-17 16:41:57 -0400
  [1m[35m (0.8ms)[0m  [1m[34mSELECT sqlite_version(*)[0m
  [1m[35m (0.3ms)[0m  [1m[34mSELECT "schema_migrations"."version" FROM "schema_migrations" ORDER BY "schema_migrations"."version" ASC[0m
Processing by QuizzesController#show as */*
  Parameters: {"id"=>"new"}
Completed 204 No Content in 0ms (ActiveRecord: 0.0ms | Allocations: 81)


Started GET "/quizzes/new" for ::1 at 2020-08-17 16:48:25 -0400
  [1m[35m (0.9ms)[0m  [1m[34mSELECT sqlite_version(*)[0m
  [1m[35m (0.5ms)[0m  [1m[34mSELECT "schema_migrations"."version" FROM "schema_migrations" ORDER BY "schema_migrations"."version" ASC[0m
Processing by QuizzesController#show as */*
  Parameters: {"id"=>"new"}
Completed 204 No Content in 0ms (ActiveRecord: 0.0ms | Allocations: 81)


Started GET "/quizzes/new" for ::1 at 2020-08-17 16:48:56 -0400
Processing by QuizzesController#show as */*
  Parameters: {"id"=>"new"}
Completed 204 No Content in 0ms (ActiveRecord: 0.0ms | Allocations: 29)


Started GET "/quizzes/new" for ::1 at 2020-08-17 16:49:59 -0400
  [1m[35m (0.9ms)[0m  [1m[34mSELECT sqlite_version(*)[0m
  [1m[35m (0.5ms)[0m  [1m[34mSELECT "schema_migrations"."version" FROM "schema_migrations" ORDER BY "schema_migrations"."version" ASC[0m
Processing by QuizzesController#show as */*
  Parameters: {"id"=>"new"}
Completed 204 No Content in 1ms (ActiveRecord: 0.0ms | Allocations: 81)


Started GET "/quizzes/new" for ::1 at 2020-08-17 16:50:33 -0400
Processing by QuizzesController#show as */*
  Parameters: {"id"=>"new"}
Completed 204 No Content in 0ms (ActiveRecord: 0.0ms | Allocations: 29)


Started GET "/quizzes/new" for ::1 at 2020-08-17 16:55:49 -0400
  [1m[35m (1.0ms)[0m  [1m[34mSELECT sqlite_version(*)[0m
  [1m[35m (0.9ms)[0m  [1m[34mSELECT "schema_migrations"."version" FROM "schema_migrations" ORDER BY "schema_migrations"."version" ASC[0m
Processing by QuizzesController#show as */*
  Parameters: {"id"=>"new"}
Completed 204 No Content in 0ms (ActiveRecord: 0.0ms | Allocations: 81)


Started GET "/quizzes/new" for ::1 at 2020-08-17 16:55:52 -0400
Processing by QuizzesController#show as */*
  Parameters: {"id"=>"new"}
Completed 204 No Content in 0ms (ActiveRecord: 0.0ms | Allocations: 29)


Started GET "/quizzes/new" for ::1 at 2020-08-17 17:02:19 -0400
  [1m[35m (1.2ms)[0m  [1m[34mSELECT sqlite_version(*)[0m
  [1m[35m (0.5ms)[0m  [1m[34mSELECT "schema_migrations"."version" FROM "schema_migrations" ORDER BY "schema_migrations"."version" ASC[0m
Processing by QuizzesController#show as */*
  Parameters: {"id"=>"new"}
Completed 204 No Content in 0ms (ActiveRecord: 0.0ms | Allocations: 81)


Started GET "/quizzes/new" for ::1 at 2020-08-17 17:04:03 -0400
  [1m[35m (1.5ms)[0m  [1m[34mSELECT sqlite_version(*)[0m
  [1m[35m (0.8ms)[0m  [1m[34mSELECT "schema_migrations"."version" FROM "schema_migrations" ORDER BY "schema_migrations"."version" ASC[0m
Processing by QuizzesController#show as */*
  Parameters: {"id"=>"new"}
Completed 204 No Content in 0ms (ActiveRecord: 0.0ms | Allocations: 81)


Started GET "/quizzes/new" for ::1 at 2020-08-17 17:04:46 -0400
  [1m[35m (0.1ms)[0m  [1m[34mSELECT sqlite_version(*)[0m
Processing by QuizzesController#show as */*
  Parameters: {"id"=>"new"}
Completed 204 No Content in 0ms (ActiveRecord: 0.0ms | Allocations: 48)


Started GET "/quizzes/new" for ::1 at 2020-08-17 17:05:53 -0400
Processing by QuizzesController#show as */*
  Parameters: {"id"=>"new"}
Completed 204 No Content in 0ms (ActiveRecord: 0.0ms | Allocations: 29)


Started GET "/quizzes/new" for ::1 at 2020-08-17 17:09:16 -0400
Processing by QuizzesController#show as */*
  Parameters: {"id"=>"new"}
Completed 204 No Content in 0ms (ActiveRecord: 0.0ms | Allocations: 29)


Started GET "/quizzes/new" for ::1 at 2020-08-17 17:09:18 -0400
Processing by QuizzesController#show as */*
  Parameters: {"id"=>"new"}
Completed 204 No Content in 1ms (ActiveRecord: 0.0ms | Allocations: 29)


Started GET "/quizzes/new" for ::1 at 2020-08-17 17:13:00 -0400
  [1m[35m (1.5ms)[0m  [1m[34mSELECT sqlite_version(*)[0m
  [1m[35m (1.2ms)[0m  [1m[34mSELECT "schema_migrations"."version" FROM "schema_migrations" ORDER BY "schema_migrations"."version" ASC[0m
Processing by QuizzesController#show as HTML
  Parameters: {"id"=>"new"}
Completed 204 No Content in 1ms (ActiveRecord: 0.0ms | Allocations: 79)


Started GET "/quizzes/new" for ::1 at 2020-08-17 17:13:04 -0400
Processing by QuizzesController#show as HTML
  Parameters: {"id"=>"new"}
Completed 204 No Content in 0ms (ActiveRecord: 0.0ms | Allocations: 27)


Started GET "/quizzes/new" for ::1 at 2020-08-17 17:13:35 -0400
  [1m[35m (0.1ms)[0m  [1m[34mSELECT sqlite_version(*)[0m
Processing by QuizzesController#show as HTML
  Parameters: {"id"=>"new"}
Completed 204 No Content in 0ms (ActiveRecord: 0.0ms | Allocations: 46)


Started GET "/quizzes/new" for ::1 at 2020-08-17 17:14:15 -0400
  [1m[35m (4.0ms)[0m  [1m[34mSELECT sqlite_version(*)[0m
  [1m[35m (1.2ms)[0m  [1m[34mSELECT "schema_migrations"."version" FROM "schema_migrations" ORDER BY "schema_migrations"."version" ASC[0m
Processing by QuizzesController#show as HTML
  Parameters: {"id"=>"new"}
Completed 204 No Content in 4ms (ActiveRecord: 0.0ms | Allocations: 79)


Started GET "/quizzes/new" for ::1 at 2020-08-17 17:15:11 -0400
Processing by QuizzesController#show as HTML
  Parameters: {"id"=>"new"}
Completed 204 No Content in 0ms (ActiveRecord: 0.0ms | Allocations: 27)


Started GET "/quizzes/new" for ::1 at 2020-08-17 17:15:14 -0400
Processing by QuizzesController#show as HTML
  Parameters: {"id"=>"new"}
Completed 204 No Content in 0ms (ActiveRecord: 0.0ms | Allocations: 27)


Started GET "/quizzes/new" for ::1 at 2020-08-17 17:15:39 -0400
Processing by QuizzesController#show as HTML
  Parameters: {"id"=>"new"}
Completed 204 No Content in 0ms (ActiveRecord: 0.0ms | Allocations: 27)


Started GET "/quizzes/new" for ::1 at 2020-08-17 17:15:42 -0400
Processing by QuizzesController#show as HTML
  Parameters: {"id"=>"new"}
Completed 204 No Content in 1ms (ActiveRecord: 0.0ms | Allocations: 27)


Started GET "/quizzes/new" for ::1 at 2020-08-17 17:16:03 -0400
Processing by QuizzesController#show as HTML
  Parameters: {"id"=>"new"}
Completed 204 No Content in 0ms (ActiveRecord: 0.0ms | Allocations: 25)


Started GET "/" for ::1 at 2020-08-17 17:16:06 -0400
Processing by Rails::WelcomeController#index as HTML
  Rendering /Users/jeffadler/.rvm/gems/ruby-2.6.1/gems/railties-6.0.3.2/lib/rails/templates/rails/welcome/index.html.erb
  Rendered /Users/jeffadler/.rvm/gems/ruby-2.6.1/gems/railties-6.0.3.2/lib/rails/templates/rails/welcome/index.html.erb (Duration: 11.2ms | Allocations: 315)
Completed 200 OK in 22ms (Views: 14.9ms | ActiveRecord: 0.0ms | Allocations: 1593)


Started GET "/quizzes/new" for ::1 at 2020-08-17 17:16:14 -0400
Processing by QuizzesController#show as HTML
  Parameters: {"id"=>"new"}
Completed 204 No Content in 0ms (ActiveRecord: 0.0ms | Allocations: 25)


Started GET "/quizzes/new" for ::1 at 2020-08-17 17:16:20 -0400
Processing by QuizzesController#show as HTML
  Parameters: {"id"=>"new"}
Completed 204 No Content in 0ms (ActiveRecord: 0.0ms | Allocations: 25)


Started GET "/quizzes/new" for ::1 at 2020-08-17 17:17:01 -0400
Processing by QuizzesController#show as HTML
  Parameters: {"id"=>"new"}
Completed 204 No Content in 0ms (ActiveRecord: 0.0ms | Allocations: 25)


Started GET "/quizzes/new" for ::1 at 2020-08-17 17:17:28 -0400
Processing by QuizzesController#show as HTML
  Parameters: {"id"=>"new"}
Completed 204 No Content in 0ms (ActiveRecord: 0.0ms | Allocations: 25)


Started GET "/quizzes/new" for ::1 at 2020-08-17 17:17:53 -0400
Processing by QuizzesController#show as HTML
  Parameters: {"id"=>"new"}
Completed 204 No Content in 0ms (ActiveRecord: 0.0ms | Allocations: 25)


Started GET "/quizzes/new" for ::1 at 2020-08-17 17:37:50 -0400
  [1m[35m (0.4ms)[0m  [1m[34mSELECT sqlite_version(*)[0m
Processing by QuizzesController#show as */*
  Parameters: {"id"=>"new"}
Completed 204 No Content in 5ms (ActiveRecord: 0.0ms | Allocations: 28)


Started GET "/" for ::1 at 2020-08-17 17:41:08 -0400
Processing by Rails::WelcomeController#index as HTML
  Rendering /Users/jeffadler/.rvm/gems/ruby-2.6.1/gems/railties-6.0.3.2/lib/rails/templates/rails/welcome/index.html.erb
  Rendered /Users/jeffadler/.rvm/gems/ruby-2.6.1/gems/railties-6.0.3.2/lib/rails/templates/rails/welcome/index.html.erb (Duration: 9.9ms | Allocations: 191)
Completed 200 OK in 21ms (Views: 15.6ms | ActiveRecord: 0.0ms | Allocations: 724)


Started GET "/quizzes/new" for ::1 at 2020-08-17 17:41:12 -0400
Processing by QuizzesController#show as */*
  Parameters: {"id"=>"new"}
Completed 204 No Content in 0ms (ActiveRecord: 0.0ms | Allocations: 27)


Started GET "/quizzes/new" for ::1 at 2020-08-17 17:42:21 -0400
  [1m[35m (0.1ms)[0m  [1m[34mSELECT sqlite_version(*)[0m
Processing by QuizzesController#show as */*
  Parameters: {"id"=>"new"}
Completed 204 No Content in 0ms (ActiveRecord: 0.0ms | Allocations: 48)


Started GET "/quizzes/new" for ::1 at 2020-08-17 17:42:37 -0400
  [1m[35m (1.8ms)[0m  [1m[34mSELECT sqlite_version(*)[0m
  [1m[35m (0.6ms)[0m  [1m[34mSELECT "schema_migrations"."version" FROM "schema_migrations" ORDER BY "schema_migrations"."version" ASC[0m
Processing by QuizzesController#show as */*
  Parameters: {"id"=>"new"}
Completed 204 No Content in 0ms (ActiveRecord: 0.0ms | Allocations: 81)


Started GET "/quizzes/new" for ::1 at 2020-08-17 17:42:40 -0400
Processing by QuizzesController#show as */*
  Parameters: {"id"=>"new"}
Completed 204 No Content in 0ms (ActiveRecord: 0.0ms | Allocations: 29)


Started GET "/quizzes/new" for ::1 at 2020-08-17 17:43:53 -0400
  [1m[35m (0.1ms)[0m  [1m[34mSELECT sqlite_version(*)[0m
Processing by QuizzesController#show as */*
  Parameters: {"id"=>"new"}
Completed 204 No Content in 0ms (ActiveRecord: 0.0ms | Allocations: 48)


Started GET "/quizzes/new" for ::1 at 2020-08-17 17:43:59 -0400
Processing by QuizzesController#show as */*
  Parameters: {"id"=>"new"}
Completed 204 No Content in 0ms (ActiveRecord: 0.0ms | Allocations: 29)


Started GET "/quizzes/new" for ::1 at 2020-08-17 17:44:29 -0400
Processing by QuizzesController#show as */*
  Parameters: {"id"=>"new"}
Completed 204 No Content in 0ms (ActiveRecord: 0.0ms | Allocations: 29)


Started GET "/quizzes/new" for ::1 at 2020-08-17 17:46:56 -0400
  [1m[35m (0.1ms)[0m  [1m[34mSELECT sqlite_version(*)[0m
Processing by QuizzesController#show as */*
  Parameters: {"id"=>"new"}
Completed 204 No Content in 0ms (ActiveRecord: 0.0ms | Allocations: 46)


Started GET "/quizzes/new" for ::1 at 2020-08-17 17:48:56 -0400
  [1m[35m (1.2ms)[0m  [1m[34mSELECT sqlite_version(*)[0m
  [1m[35m (0.5ms)[0m  [1m[34mSELECT "schema_migrations"."version" FROM "schema_migrations" ORDER BY "schema_migrations"."version" ASC[0m
Processing by QuizzesController#show as */*
  Parameters: {"id"=>"new"}
Completed 204 No Content in 0ms (ActiveRecord: 0.0ms | Allocations: 81)


Started GET "/quizzes/new" for ::1 at 2020-08-17 17:49:42 -0400
Processing by QuizzesController#show as */*
  Parameters: {"id"=>"new"}
Completed 204 No Content in 0ms (ActiveRecord: 0.0ms | Allocations: 29)


Started GET "/quizzes/new" for ::1 at 2020-08-17 17:50:28 -0400
Processing by QuizzesController#show as HTML
  Parameters: {"id"=>"new"}
Completed 204 No Content in 0ms (ActiveRecord: 0.0ms | Allocations: 28)


Started GET "/quizzes/new" for ::1 at 2020-08-17 17:52:54 -0400
  [1m[35m (0.2ms)[0m  [1m[34mSELECT sqlite_version(*)[0m
Processing by QuizzesController#show as */*
  Parameters: {"id"=>"new"}
Completed 204 No Content in 0ms (ActiveRecord: 0.0ms | Allocations: 46)


